gdgdfg@xfgg.com - Principal - ::1 - Windows 8.1 - Firefox - 2015-01-13 22:27:31
gdgdfg@xfgg.com - Principal - ::1 - Windows 8.1 - Firefox - 2015-01-13 22:27:45
tittuhpd@gmail.com - Admin - ::1 - Windows 8.1 - Firefox - 2015-01-13 22:28:13
tittuhpd@gmail.com - Admin - ::1 - Windows 8.1 - Firefox - 2015-01-13 22:29:32
tittuhpd@gmail.com - Admin - ::1 - Windows 8.1 - Firefox - 2015-01-13 22:30:12
tittuhpd@gmail.com - admin - ::1 - Windows 8.1 - Firefox - 2015-01-13 22:34:30 - Success
tittuhpd@mail.com - admin - ::1 - Windows 8.1 - Firefox - 2015-01-13 22:36:26 - Failed
sdfsdfsdf@xfgg.com - admin - ::1 - Windows 8.1 - Firefox - 2015-01-13 22:51:21 - Failed
sdfsdf@fgg.com - admin - ::1 - Windows 8.1 - Firefox - 2015-01-13 22:51:39 - Failed
sdfsdff@hgh.com - staff - ::1 - Windows 8.1 - Firefox - 2015-01-13 22:56:41 - Failed
tittuhpd@gmail.com - admin - ::1 - Windows 8.1 - Firefox - 2015-01-13 23:12:28 - Failed Password
tittuhpd@gmail.com - admin - ::1 - Windows 8.1 - Firefox - 2015-01-13 23:12:59 - Success
tittuhpd@gmail.com - admin - ::1 - Windows 8.1 - Firefox - 2015-01-13 23:26:30 - Failed Password
tittuhpd@gmail.com - admin - ::1 - Windows 8.1 - Firefox - 2015-01-13 23:26:44 - Success
tittuhpd@gmail.com - admin - ::1 - Windows 8.1 - Firefox - 2015-01-13 23:31:11 - Success
tittuhpd@gmail.com - admin - ::1 - Windows 8.1 - Firefox - 2015-01-14 00:00:27 - Success
tittuhpd@gmail.com - admin - ::1 - Windows 8.1 - Firefox - 2015-01-14 00:13:28 - Success
tittuhpd@gmail.com - admin - ::1 - Windows 8.1 - Firefox - 2015-01-14 00:38:32 - Success
tittuhpd@gmail.com - Login as - ::1 - Windows 8.1 - Firefox - 2015-01-14 01:17:01 - Failed
tittuhpd@gmail.com - admin - ::1 - Windows 8.1 - Firefox - 2015-01-14 01:17:14 - Success
tittuhpd@gmail.com - admin - ::1 - Windows 8.1 - Firefox - 2015-01-14 01:29:41 - Success
dfsfsdf@fgg.com - staff - ::1 - Windows 8.1 - Firefox - 2015-01-14 02:00:47 - Failed
tittuhpd@gmail.com - admin - ::1 - Windows 8.1 - Firefox - 2015-01-14 02:00:59 - Success
tittuhpd@gmail.com - admin - ::1 - Windows 8.1 - Firefox - 2015-01-14 02:43:50 - Success
tittuhpd@gmail.com - admin - ::1 - Windows 8.1 - Firefox - 2015-01-14 12:38:12 - Success
tittuhpd@gmail.com - admin - ::1 - Windows 8.1 - Firefox - 2015-01-14 12:47:18 - Success
tittuhpd@gmail.com - admin - ::1 - Windows 8.1 - Firefox - 2015-01-14 13:02:47 - Success
tittuhpd@gmail.com - admin - ::1 - Windows 8.1 - Firefox - 2015-01-14 13:15:57 - Success
tittuhpd@gmail.com - admin - ::1 - Windows 8.1 - Firefox - 2015-01-14 14:44:00 - Success
tittuhpd@gmail.com - admin - ::1 - Windows 8.1 - Firefox - 2015-01-14 15:05:15 - Success
tittuhpd@gmail.com - admin - ::1 - Windows 8.1 - Firefox - 2015-01-14 17:29:57 - Success
tittuhpd@gmail.com - admin - ::1 - Windows 8.1 - Firefox - 2015-01-14 18:10:26 - Success
tittuhpd@gmail.com - admin - ::1 - Windows 8.1 - Firefox - 2015-01-14 18:13:06 - Success
tittuhpd@gmail.com - admin - ::1 - Windows 8.1 - Firefox - 2015-01-14 19:34:50 - Success
tittuhpd@gmail.com - admin - ::1 - Windows 8.1 - Firefox - 2015-01-15 00:35:51 - Success
tittuhpd@gmail.com - admin - ::1 - Windows 8.1 - Firefox - 2015-01-15 11:31:13 - Success
tittuhpd@gmail.com - admin - ::1 - Windows 8.1 - Firefox - 2015-01-15 23:54:25 - Success
tittuhpd@gmail.com - admin - ::1 - Windows 8.1 - Firefox - 2015-01-16 15:16:01 - Success
tittuhpd@gmail.com - admin - ::1 - Windows 8.1 - Firefox - 2015-01-16 16:31:49 - Success
tittuhpd@gmail.com - Login as - ::1 - Windows 8.1 - Firefox - 2015-01-17 12:56:11 - Failed
tittuhpd@gmail.com - admin - ::1 - Windows 8.1 - Firefox - 2015-01-17 12:56:27 - Success
tittuhpd@gmail.com - admin - ::1 - Windows 8.1 - Firefox - 2015-01-17 18:45:18 - Success
tittuhpd@gmail.com - admin - ::1 - Windows 8.1 - Firefox - 2015-01-19 09:29:52 - Success
tittuhpd@gmail.com - admin - ::1 - Windows 8.1 - Firefox - 2015-01-19 09:51:57 - Failed Password
tittuhpd@gmail.com - admin - ::1 - Windows 8.1 - Firefox - 2015-01-19 09:52:30 - Success
tittuhpd@gmail.com - admin - ::1 - Windows 8.1 - Firefox - 2015-01-19 09:56:58 - Success
tittuhpd@gmail.com - admin - ::1 - Windows 8.1 - Firefox - 2015-01-20 21:12:03 - Success
tittuhpd@gmail.com - admin - ::1 - Windows 8.1 - Firefox - 2015-01-20 22:32:02 - Success
tittuhpd@gmail.com - admin - ::1 - Windows 8.1 - Firefox - 2015-01-21 10:22:11 - Success
tittuhpd@gmail.com - admin - ::1 - Windows 8.1 - Firefox - 2015-01-21 16:53:15 - Success
ajeesh@ajeesh.com - admin - ::1 - Windows 8.1 - Firefox - 2015-01-21 16:53:56 - Success
tittuhpd@gmail.com - admin - ::1 - Windows 8.1 - Firefox - 2015-01-21 16:54:14 - Success
tittuhpd@gmail.com - admin - ::1 - Windows 8.1 - Firefox - 2015-01-22 20:59:57 - Failed Password
tittuhpd@gmail.com - admin - ::1 - Windows 8.1 - Firefox - 2015-01-22 21:00:10 - Failed Password
tittuhpd@gmail.com - admin - ::1 - Windows 8.1 - Firefox - 2015-01-22 21:00:24 - Success
tittuhpd@gmail.com - admin - ::1 - Windows 8.1 - Firefox - 2015-01-24 19:05:02 - Success
tittuhpd@gmail.com - admin - ::1 - Windows 8.1 - Firefox - 2015-01-24 22:10:44 - Success
tittuhpd@gmail.com - admin - ::1 - Windows 8.1 - Firefox - 2015-01-24 23:57:19 - Success
tittuhpd@gmail.com - admin - ::1 - Windows 8.1 - Firefox - 2015-01-25 19:21:08 - Failed
tittuhpd@gmail.com - admin - ::1 - Windows 8.1 - Firefox - 2015-01-25 19:21:26 - Success
tittuhpd@gmail.com - admin - ::1 - Windows 8.1 - Firefox - 2015-01-29 20:41:58 - Success
tittuhpd@gmail.com - admin - ::1 - Windows 8.1 - Firefox - 2015-02-03 12:48:09 - Success
tittuhpd@gmail.com - admin - ::1 - Windows 8.1 - Firefox - 2015-02-03 19:05:17 - Success
tittuhpd@gmail.com - staff - ::1 - Windows 8.1 - Firefox - 2015-02-03 19:40:39 - Success
tittuhpd@gmail.com - staff - ::1 - Windows 8.1 - Firefox - 2015-02-03 20:45:20 - Success
tittuhpd@gmail.com - student - ::1 - Windows 8.1 - Firefox - 2015-02-08 10:53:13 - Failed
tittuhpd@gmail.com - admin - ::1 - Windows 8.1 - Firefox - 2015-02-08 10:53:53 - Success
tittuhpd@gmail.com - staff - ::1 - Windows 8.1 - Firefox - 2015-02-08 10:54:24 - Failed Password
tittuhpd@gmail.com - staff - ::1 - Windows 8.1 - Firefox - 2015-02-08 10:54:37 - Success
shyama@gmail.com - staff - ::1 - Windows 8.1 - Chrome - 2015-02-08 10:58:06 - Success
tittuhpd@gmail.com - admin - ::1 - Windows 8.1 - Firefox - 2015-02-08 19:16:54 - Failed Password
tittuhpd@gmail.com - admin - ::1 - Windows 8.1 - Firefox - 2015-02-08 19:17:09 - Success
shyama@gmail.com - admin - ::1 - Windows 8.1 - Chrome - 2015-02-08 19:17:50 - Failed
shyama@gmail.com - staff - ::1 - Windows 8.1 - Chrome - 2015-02-08 19:17:59 - Success
tittuhpd@gmail.com - staff - ::1 - Windows 8.1 - Firefox - 2015-02-08 19:18:23 - Success
tittuhpd@gmail.com - admin - ::1 - Windows 8.1 - Firefox - 2015-02-10 10:57:45 - Failed Password
tittuhpd@gmail.com - admin - ::1 - Windows 8.1 - Firefox - 2015-02-10 10:58:02 - Success
tittuhpd@gmail.com - admin - ::1 - Windows 8.1 - Firefox - 2015-02-11 21:52:45 - Success
shyama@gmail.com - Login as - ::1 - Windows 8.1 - Chrome - 2015-02-11 21:53:03 - Failed
shyama@gmail.com - staff - ::1 - Windows 8.1 - Chrome - 2015-02-11 21:53:12 - Success
tittuhpd@gmail.com - staff - ::1 - Windows 8.1 - Firefox - 2015-02-11 21:55:46 - Success
tittuhpd@gmail.com - admin - ::1 - Windows 8.1 - Firefox - 2015-02-12 14:04:07 - Success
tittuhpd@gmail.com - student - ::1 - Windows 8.1 - Firefox - 2015-02-12 21:25:42 - Success
tittuhpd@gmail.com - admin - ::1 - Windows 8.1 - Firefox - 2015-02-12 23:21:17 - Success
tittuhpd@gmail.com - admin - ::1 - Windows 8.1 - Firefox - 2015-02-13 00:13:31 - Success
tittuhpd@gmail.com - admin - ::1 - Windows 8.1 - Firefox - 2015-02-13 00:43:59 - Success
tittuhpd@gmail.com - admin - ::1 - Windows 8.1 - Firefox - 2015-02-13 01:08:04 - Success
tittuhpd@gmail.com - staff - ::1 - Windows 8.1 - Firefox - 2015-02-13 01:11:06 - Success
tittuhpd@gmail.com - admin - ::1 - Windows 8.1 - Firefox - 2015-02-13 10:45:30 - Failed
tittuhpd@gmail.com - admin - ::1 - Windows 8.1 - Firefox - 2015-02-13 10:45:42 - Failed
tittuhpd@gmail.com - student - ::1 - Windows 8.1 - Firefox - 2015-02-13 10:45:57 - Failed
tittuhpd@gmail.com - admin - ::1 - Windows 8.1 - Firefox - 2015-02-13 10:49:19 - Failed
tittuhpd@gmail.com - admin - ::1 - Windows 8.1 - Firefox - 2015-02-13 10:54:54 - Failed
tittuhpd@gmail.com - admin - ::1 - Windows 8.1 - Firefox - 2015-02-13 10:55:45 - Failed
